RUN	ru.domrf.dominvest.scenario.Invest	invest	1716292416169	1	3.10.2
USER	Default Load Test	START	1716292417813
REQUEST	TC:gRPC	POST /auth/realms/internal-bank-idm/protocol/openid-connect/token	1716292417842	1716292417968	OK	 
GROUP	TC:gRPC	1716292417816	1716292418059	126	OK
REQUEST TC:CreateOperation  1716292418060	1716292419197	100	OK
GROUP	TC:CreateOperation	1716292418060	1716292419197	0	OK
REQUEST	TC:gRPC	POST /auth/realms/internal-bank-idm/protocol/openid-connect/token	1716292419200	1716292419220	OK	 
GROUP	TC:gRPC	1716292419199	1716292419222	20	OK
REQUEST TC:CreateOperation  1716292418060	1716292419197	100	OK
GROUP	TC:CreateOperation	1716292419222	1716292419319	0	OK
REQUEST	TC:gRPC	POST /auth/realms/internal-bank-idm/protocol/openid-connect/token	1716292419320	1716292419342	OK
GROUP	TC:gRPC	1716292419320	1716292419343	22	OK
REQUEST TC:CreateOperation  1716292418060	1716292419197	100	OK
GROUP	TC:CreateOperation	1716292419344	1716292419407	0	OK
REQUEST	TC:gRPC	POST /auth/realms/internal-bank-idm/protocol/openid-connect/token	1716292419408	1716292419428	OK	 
GROUP	TC:gRPC	1716292419408	1716292419429	20	OK
REQUEST TC:CreateOperation  1716292418060	1716292419197	100	OK
GROUP	TC:CreateOperation	1716292419429	1716292419523	0	OK
REQUEST	TC:gRPC	POST /auth/realms/internal-bank-idm/protocol/openid-connect/token	1716292419525	1716292419549	OK	 
GROUP	TC:gRPC	1716292419525	1716292419553	24	OK
REQUEST TC:CreateOperation  1716292418060	1716292419197	100	OK
GROUP	TC:CreateOperation	1716292419553	1716292419647	0	OK
REQUEST	TC:gRPC	POST /auth/realms/internal-bank-idm/protocol/openid-connect/token	1716292419648	1716292419705	OK	 
GROUP	TC:gRPC	1716292419648	1716292419707	57	OK
GROUP	TC:CreateOperation	1716292419707	1716292419774	0	OK
REQUEST	TC:gRPC	POST /auth/realms/internal-bank-idm/protocol/openid-connect/token	1716292419775	1716292419793	OK	 
GROUP	TC:gRPC	1716292419775	1716292419795	18	OK
GROUP	TC:CreateOperation	1716292419795	1716292419891	0	OK
REQUEST	TC:gRPC	POST /auth/realms/internal-bank-idm/protocol/openid-connect/token	1716292419892	1716292419910	OK	 
GROUP	TC:gRPC	1716292419891	1716292419912	18	OK
GROUP	TC:CreateOperation	1716292419912	1716292419964	0	OK
REQUEST	TC:gRPC	POST /auth/realms/internal-bank-idm/protocol/openid-connect/token	1716292419965	1716292419986	OK	 
GROUP	TC:gRPC	1716292419965	1716292419988	21	OK
GROUP	TC:CreateOperation	1716292419988	1716292420374	0	OK
REQUEST	TC:gRPC	POST /auth/realms/internal-bank-idm/protocol/openid-connect/token	1716292420376	1716292420395	OK	 
GROUP	TC:gRPC	1716292420376	1716292420397	19	OK
GROUP	TC:CreateOperation	1716292420397	1716292420490	0	OK
REQUEST	TC:gRPC	POST /auth/realms/internal-bank-idm/protocol/openid-connect/token	1716292420491	1716292420762	OK	 
GROUP	TC:gRPC	1716292420490	1716292420763	271	OK
GROUP	TC:CreateOperation	1716292420763	1716292420831	0	OK
REQUEST	TC:gRPC	POST /auth/realms/internal-bank-idm/protocol/openid-connect/token	1716292420832	1716292420854	OK	 
GROUP	TC:gRPC	1716292420832	1716292420855	22	OK
GROUP	TC:CreateOperation	1716292420855	1716292420910	0	OK
REQUEST	TC:gRPC	POST /auth/realms/internal-bank-idm/protocol/openid-connect/token	1716292420911	1716292420931	OK	 
GROUP	TC:gRPC	1716292420911	1716292420932	20	OK
GROUP	TC:CreateOperation	1716292420933	1716292420986	0	OK
REQUEST	TC:gRPC	POST /auth/realms/internal-bank-idm/protocol/openid-connect/token	1716292420988	1716292421005	OK	 
GROUP	TC:gRPC	1716292420987	1716292421006	17	OK
GROUP	TC:CreateOperation	1716292421006	1716292421060	0	OK
REQUEST	TC:gRPC	POST /auth/realms/internal-bank-idm/protocol/openid-connect/token	1716292421061	1716292421082	OK	 
GROUP	TC:gRPC	1716292421060	1716292421084	21	OK
GROUP	TC:CreateOperation	1716292421084	1716292421135	0	OK
REQUEST	TC:gRPC	POST /auth/realms/internal-bank-idm/protocol/openid-connect/token	1716292421136	1716292421154	OK	 
GROUP	TC:gRPC	1716292421136	1716292421155	18	OK
GROUP	TC:CreateOperation	1716292421155	1716292421210	0	OK
REQUEST	TC:gRPC	POST /auth/realms/internal-bank-idm/protocol/openid-connect/token	1716292421211	1716292421229	OK	 
GROUP	TC:gRPC	1716292421211	1716292421231	18	OK
GROUP	TC:CreateOperation	1716292421231	1716292421281	0	OK
REQUEST	TC:gRPC	POST /auth/realms/internal-bank-idm/protocol/openid-connect/token	1716292421282	1716292421307	OK	 
GROUP	TC:gRPC	1716292421282	1716292421308	25	OK
GROUP	TC:CreateOperation	1716292421309	1716292421386	0	OK
REQUEST	TC:gRPC	POST /auth/realms/internal-bank-idm/protocol/openid-connect/token	1716292421387	1716292421409	OK	 
GROUP	TC:gRPC	1716292421387	1716292421410	22	OK
GROUP	TC:CreateOperation	1716292421410	1716292421667	0	OK
REQUEST	TC:gRPC	POST /auth/realms/internal-bank-idm/protocol/openid-connect/token	1716292421670	1716292421937	OK	 
GROUP	TC:gRPC	1716292421669	1716292421940	267	OK
GROUP	TC:CreateOperation	1716292421940	1716292422255	0	OK
REQUEST	TC:gRPC	POST /auth/realms/internal-bank-idm/protocol/openid-connect/token	1716292422257	1716292422285	OK	 
GROUP	TC:gRPC	1716292422257	1716292422286	28	OK
GROUP	TC:CreateOperation	1716292422286	1716292422383	0	OK
REQUEST	TC:gRPC	POST /auth/realms/internal-bank-idm/protocol/openid-connect/token	1716292422384	1716292422403	OK	 
GROUP	TC:gRPC	1716292422384	1716292422404	19	OK
GROUP	TC:CreateOperation	1716292422404	1716292422479	0	OK
REQUEST	TC:gRPC	POST /auth/realms/internal-bank-idm/protocol/openid-connect/token	1716292422482	1716292422516	OK	 
GROUP	TC:gRPC	1716292422481	1716292422518	34	OK
GROUP	TC:CreateOperation	1716292422518	1716292422572	0	OK
REQUEST	TC:gRPC	POST /auth/realms/internal-bank-idm/protocol/openid-connect/token	1716292422573	1716292422591	OK	 
GROUP	TC:gRPC	1716292422573	1716292422592	18	OK
GROUP	TC:CreateOperation	1716292422592	1716292422646	0	OK
REQUEST	TC:gRPC	POST /auth/realms/internal-bank-idm/protocol/openid-connect/token	1716292422647	1716292422665	OK	 
GROUP	TC:gRPC	1716292422647	1716292422666	18	OK
GROUP	TC:CreateOperation	1716292422666	1716292422717	0	OK
REQUEST	TC:gRPC	POST /auth/realms/internal-bank-idm/protocol/openid-connect/token	1716292422718	1716292423063	OK	 
GROUP	TC:gRPC	1716292422718	1716292423068	345	OK
GROUP	TC:CreateOperation	1716292423068	1716292423126	0	OK
REQUEST	TC:gRPC	POST /auth/realms/internal-bank-idm/protocol/openid-connect/token	1716292423127	1716292423145	OK	 
GROUP	TC:gRPC	1716292423127	1716292423146	18	OK
GROUP	TC:CreateOperation	1716292423146	1716292423218	0	OK
REQUEST	TC:gRPC	POST /auth/realms/internal-bank-idm/protocol/openid-connect/token	1716292423219	1716292423241	OK	 
GROUP	TC:gRPC	1716292423218	1716292423244	22	OK
GROUP	TC:CreateOperation	1716292423244	1716292423337	0	OK
REQUEST	TC:gRPC	POST /auth/realms/internal-bank-idm/protocol/openid-connect/token	1716292423338	1716292423359	OK	 
GROUP	TC:gRPC	1716292423337	1716292423360	21	OK
GROUP	TC:CreateOperation	1716292423360	1716292423412	0	OK
REQUEST	TC:gRPC	POST /auth/realms/internal-bank-idm/protocol/openid-connect/token	1716292423414	1716292423460	OK	 
GROUP	TC:gRPC	1716292423413	1716292423461	46	OK
GROUP	TC:CreateOperation	1716292423461	1716292423533	0	OK
REQUEST	TC:gRPC	POST /auth/realms/internal-bank-idm/protocol/openid-connect/token	1716292423534	1716292423555	OK	 
GROUP	TC:gRPC	1716292423534	1716292423556	21	OK
GROUP	TC:CreateOperation	1716292423556	1716292423604	0	OK
REQUEST	TC:gRPC	POST /auth/realms/internal-bank-idm/protocol/openid-connect/token	1716292423606	1716292423625	OK	 
GROUP	TC:gRPC	1716292423606	1716292423627	19	OK
GROUP	TC:CreateOperation	1716292423627	1716292423718	0	OK
REQUEST	TC:gRPC	POST /auth/realms/internal-bank-idm/protocol/openid-connect/token	1716292423719	1716292423736	OK	 
GROUP	TC:gRPC	1716292423718	1716292423737	17	OK
GROUP	TC:CreateOperation	1716292423737	1716292423787	0	OK
REQUEST	TC:gRPC	POST /auth/realms/internal-bank-idm/protocol/openid-connect/token	1716292423788	1716292423810	OK	 
GROUP	TC:gRPC	1716292423788	1716292423811	22	OK
GROUP	TC:CreateOperation	1716292423811	1716292423892	0	OK
REQUEST	TC:gRPC	POST /auth/realms/internal-bank-idm/protocol/openid-connect/token	1716292423893	1716292423924	OK	 
GROUP	TC:gRPC	1716292423893	1716292423925	31	OK
GROUP	TC:CreateOperation	1716292423925	1716292424004	0	OK
REQUEST	TC:gRPC	POST /auth/realms/internal-bank-idm/protocol/openid-connect/token	1716292424005	1716292424024	OK	 
GROUP	TC:gRPC	1716292424005	1716292424025	19	OK
GROUP	TC:CreateOperation	1716292424025	1716292424077	0	OK
REQUEST	TC:gRPC	POST /auth/realms/internal-bank-idm/protocol/openid-connect/token	1716292424079	1716292424101	OK	 
GROUP	TC:gRPC	1716292424079	1716292424102	22	OK
GROUP	TC:CreateOperation	1716292424102	1716292424154	0	OK
REQUEST	TC:gRPC	POST /auth/realms/internal-bank-idm/protocol/openid-connect/token	1716292424155	1716292424173	OK	 
GROUP	TC:gRPC	1716292424154	1716292424174	18	OK
GROUP	TC:CreateOperation	1716292424174	1716292424225	0	OK
REQUEST	TC:gRPC	POST /auth/realms/internal-bank-idm/protocol/openid-connect/token	1716292424226	1716292424260	OK	 
GROUP	TC:gRPC	1716292424226	1716292424261	34	OK
GROUP	TC:CreateOperation	1716292424261	1716292424308	0	OK
REQUEST	TC:gRPC	POST /auth/realms/internal-bank-idm/protocol/openid-connect/token	1716292424308	1716292424331	OK	 
GROUP	TC:gRPC	1716292424308	1716292424333	23	OK
GROUP	TC:CreateOperation	1716292424333	1716292424399	0	OK
REQUEST	TC:gRPC	POST /auth/realms/internal-bank-idm/protocol/openid-connect/token	1716292424400	1716292424422	OK	 
GROUP	TC:gRPC	1716292424399	1716292424424	22	OK
GROUP	TC:CreateOperation	1716292424424	1716292424481	0	OK
REQUEST	TC:gRPC	POST /auth/realms/internal-bank-idm/protocol/openid-connect/token	1716292424486	1716292424505	OK	 
GROUP	TC:gRPC	1716292424485	1716292424507	19	OK
GROUP	TC:CreateOperation	1716292424507	1716292424565	0	OK
REQUEST	TC:gRPC	POST /auth/realms/internal-bank-idm/protocol/openid-connect/token	1716292424566	1716292424586	OK	 
GROUP	TC:gRPC	1716292424566	1716292424587	20	OK
GROUP	TC:CreateOperation	1716292424587	1716292424678	0	OK
REQUEST	TC:gRPC	POST /auth/realms/internal-bank-idm/protocol/openid-connect/token	1716292424679	1716292424698	OK	 
GROUP	TC:gRPC	1716292424679	1716292424700	19	OK
GROUP	TC:CreateOperation	1716292424700	1716292424760	0	OK
REQUEST	TC:gRPC	POST /auth/realms/internal-bank-idm/protocol/openid-connect/token	1716292424761	1716292424781	OK	 
GROUP	TC:gRPC	1716292424761	1716292424783	20	OK
GROUP	TC:CreateOperation	1716292424783	1716292424842	0	OK
REQUEST	TC:gRPC	POST /auth/realms/internal-bank-idm/protocol/openid-connect/token	1716292424843	1716292424866	OK	 
GROUP	TC:gRPC	1716292424843	1716292424867	23	OK
GROUP	TC:CreateOperation	1716292424867	1716292424920	0	OK
REQUEST	TC:gRPC	POST /auth/realms/internal-bank-idm/protocol/openid-connect/token	1716292424920	1716292424944	OK	 
GROUP	TC:gRPC	1716292424920	1716292424945	24	OK
GROUP	TC:CreateOperation	1716292424945	1716292424994	0	OK
REQUEST	TC:gRPC	POST /auth/realms/internal-bank-idm/protocol/openid-connect/token	1716292424995	1716292425049	OK	 
GROUP	TC:gRPC	1716292424995	1716292425050	54	OK
GROUP	TC:CreateOperation	1716292425050	1716292425654	0	OK
REQUEST	TC:gRPC	POST /auth/realms/internal-bank-idm/protocol/openid-connect/token	1716292425655	1716292425678	OK	 
GROUP	TC:gRPC	1716292425655	1716292425679	23	OK
GROUP	TC:CreateOperation	1716292425679	1716292425728	0	OK
REQUEST	TC:gRPC	POST /auth/realms/internal-bank-idm/protocol/openid-connect/token	1716292425729	1716292425748	OK	 
GROUP	TC:gRPC	1716292425729	1716292425750	19	OK
GROUP	TC:CreateOperation	1716292425750	1716292425801	0	OK
REQUEST	TC:gRPC	POST /auth/realms/internal-bank-idm/protocol/openid-connect/token	1716292425802	1716292425843	OK	 
GROUP	TC:gRPC	1716292425802	1716292425844	41	OK
GROUP	TC:CreateOperation	1716292425844	1716292425909	0	OK
REQUEST	TC:gRPC	POST /auth/realms/internal-bank-idm/protocol/openid-connect/token	1716292425910	1716292425933	OK	 
GROUP	TC:gRPC	1716292425910	1716292425934	23	OK
GROUP	TC:CreateOperation	1716292425934	1716292425986	0	OK
REQUEST	TC:gRPC	POST /auth/realms/internal-bank-idm/protocol/openid-connect/token	1716292425987	1716292426016	OK	 
GROUP	TC:gRPC	1716292425987	1716292426017	29	OK
GROUP	TC:CreateOperation	1716292426018	1716292426088	0	OK
REQUEST	TC:gRPC	POST /auth/realms/internal-bank-idm/protocol/openid-connect/token	1716292426089	1716292426107	OK	 
GROUP	TC:gRPC	1716292426088	1716292426108	18	OK
GROUP	TC:CreateOperation	1716292426108	1716292426160	0	OK
REQUEST	TC:gRPC	POST /auth/realms/internal-bank-idm/protocol/openid-connect/token	1716292426161	1716292426185	OK	 
GROUP	TC:gRPC	1716292426161	1716292426186	24	OK
GROUP	TC:CreateOperation	1716292426186	1716292426239	0	OK
REQUEST	TC:gRPC	POST /auth/realms/internal-bank-idm/protocol/openid-connect/token	1716292426240	1716292426260	OK	 
GROUP	TC:gRPC	1716292426240	1716292426261	20	OK
GROUP	TC:CreateOperation	1716292426261	1716292426315	0	OK
REQUEST	TC:gRPC	POST /auth/realms/internal-bank-idm/protocol/openid-connect/token	1716292426316	1716292426334	OK	 
GROUP	TC:gRPC	1716292426316	1716292426335	18	OK
GROUP	TC:CreateOperation	1716292426335	1716292426388	0	OK
REQUEST	TC:gRPC	POST /auth/realms/internal-bank-idm/protocol/openid-connect/token	1716292426388	1716292426414	OK	 
GROUP	TC:gRPC	1716292426388	1716292426416	26	OK
GROUP	TC:CreateOperation	1716292426416	1716292426872	0	OK
REQUEST	TC:gRPC	POST /auth/realms/internal-bank-idm/protocol/openid-connect/token	1716292426873	1716292426896	OK	 
GROUP	TC:gRPC	1716292426873	1716292426897	23	OK
GROUP	TC:CreateOperation	1716292426897	1716292427362	0	OK
REQUEST	TC:gRPC	POST /auth/realms/internal-bank-idm/protocol/openid-connect/token	1716292427364	1716292427382	OK	 
GROUP	TC:gRPC	1716292427363	1716292427383	18	OK
GROUP	TC:CreateOperation	1716292427383	1716292427439	0	OK
REQUEST	TC:gRPC	POST /auth/realms/internal-bank-idm/protocol/openid-connect/token	1716292427439	1716292427462	OK	 
GROUP	TC:gRPC	1716292427439	1716292427463	23	OK
GROUP	TC:CreateOperation	1716292427464	1716292427513	0	OK
REQUEST	TC:gRPC	POST /auth/realms/internal-bank-idm/protocol/openid-connect/token	1716292427514	1716292427533	OK	 
GROUP	TC:gRPC	1716292427514	1716292427534	19	OK
GROUP	TC:CreateOperation	1716292427534	1716292427591	0	OK
REQUEST	TC:gRPC	POST /auth/realms/internal-bank-idm/protocol/openid-connect/token	1716292427592	1716292427611	OK	 
GROUP	TC:gRPC	1716292427592	1716292427612	19	OK
GROUP	TC:CreateOperation	1716292427612	1716292427665	0	OK
REQUEST	TC:gRPC	POST /auth/realms/internal-bank-idm/protocol/openid-connect/token	1716292427666	1716292427690	OK	 
GROUP	TC:gRPC	1716292427665	1716292427692	24	OK
GROUP	TC:CreateOperation	1716292427692	1716292427746	0	OK
REQUEST	TC:gRPC	POST /auth/realms/internal-bank-idm/protocol/openid-connect/token	1716292427747	1716292427772	OK	 
GROUP	TC:gRPC	1716292427747	1716292427774	25	OK
GROUP	TC:CreateOperation	1716292427774	1716292427824	0	OK
USER	Default Load Test	END	1716292427832
